<?xml version="1.0" encoding="UTF-8"?>
<testng-results skipped="0" failed="1" ignored="0" total="1" passed="0">
  <reporter-output>
  </reporter-output>
  <suite name="Default suite" duration-ms="3363" started-at="2019-11-13T14:04:37 IST" finished-at="2019-11-13T14:04:41 IST">
    <groups>
    </groups>
    <test name="Default test" duration-ms="3363" started-at="2019-11-13T14:04:37 IST" finished-at="2019-11-13T14:04:41 IST">
      <class name="TestScripts.Testscript_2">
        <test-method status="PASS" signature="beforeSuite()[pri:0, instance:TestScripts.Testscript_2@35d176f7]" name="beforeSuite" is-config="true" duration-ms="19387" started-at="2019-11-13T14:04:18 IST" finished-at="2019-11-13T14:04:37 IST">
          <reporter-output>
          </reporter-output>
        </test-method> <!-- beforeSuite -->
        <test-method status="FAIL" signature="intialize()[pri:0, instance:TestScripts.Testscript_2@35d176f7]" name="intialize" duration-ms="3324" started-at="2019-11-13T14:04:37 IST" finished-at="2019-11-13T14:04:41 IST">
          <exception class="java.lang.ClassCastException">
            <message>
              <![CDATA[java.util.LinkedHashSet cannot be cast to java.util.ArrayList]]>
            </message>
            <full-stacktrace>
              <![CDATA[java.lang.ClassCastException: java.util.LinkedHashSet cannot be cast to java.util.ArrayList
at TestScripts.Testscript_2.intialize(Testscript_2.java:24)
at sun.reflect.NativeMethodAccessorImpl.invoke0(Native Method)
at sun.reflect.NativeMethodAccessorImpl.invoke(Unknown Source)
at sun.reflect.DelegatingMethodAccessorImpl.invoke(Unknown Source)
at java.lang.reflect.Method.invoke(Unknown Source)
at org.testng.internal.MethodInvocationHelper.invokeMethod(MethodInvocationHelper.java:133)
at org.testng.internal.TestInvoker.invokeMethod(TestInvoker.java:584)
at org.testng.internal.TestInvoker.invokeTestMethod(TestInvoker.java:172)
at org.testng.internal.MethodRunner.runInSequence(MethodRunner.java:46)
at org.testng.internal.TestInvoker$MethodInvocationAgent.invoke(TestInvoker.java:804)
at org.testng.internal.TestInvoker.invokeTestMethods(TestInvoker.java:145)
at org.testng.internal.TestMethodWorker.invokeTestMethods(TestMethodWorker.java:146)
at org.testng.internal.TestMethodWorker.run(TestMethodWorker.java:128)
at java.util.ArrayList.forEach(Unknown Source)
at org.testng.TestRunner.privateRun(TestRunner.java:770)
at org.testng.TestRunner.run(TestRunner.java:591)
at org.testng.SuiteRunner.runTest(SuiteRunner.java:402)
at org.testng.SuiteRunner.runSequentially(SuiteRunner.java:396)
at org.testng.SuiteRunner.privateRun(SuiteRunner.java:355)
at org.testng.SuiteRunner.run(SuiteRunner.java:304)
at org.testng.SuiteRunnerWorker.runSuite(SuiteRunnerWorker.java:53)
at org.testng.SuiteRunnerWorker.run(SuiteRunnerWorker.java:96)
at org.testng.TestNG.runSuitesSequentially(TestNG.java:1180)
at org.testng.TestNG.runSuitesLocally(TestNG.java:1102)
at org.testng.TestNG.runSuites(TestNG.java:1032)
at org.testng.TestNG.run(TestNG.java:1000)
at org.testng.remote.AbstractRemoteTestNG.run(AbstractRemoteTestNG.java:115)
at org.testng.remote.RemoteTestNG.initAndRun(RemoteTestNG.java:251)
at org.testng.remote.RemoteTestNG.main(RemoteTestNG.java:77)
]]>
            </full-stacktrace>
          </exception> <!-- java.lang.ClassCastException -->
          <reporter-output>
          </reporter-output>
        </test-method> <!-- intialize -->
        <test-method status="PASS" signature="afterSuite()[pri:0, instance:TestScripts.Testscript_2@35d176f7]" name="afterSuite" is-config="true" duration-ms="1" started-at="2019-11-13T14:04:41 IST" finished-at="2019-11-13T14:04:41 IST">
          <reporter-output>
          </reporter-output>
        </test-method> <!-- afterSuite -->
      </class> <!-- TestScripts.Testscript_2 -->
    </test> <!-- Default test -->
  </suite> <!-- Default suite -->
</testng-results>
